app/build/outputs/mapping/release/configuration.txt
# The proguard configuration file for the following section is default_proguard_files\global\proguard-android-optimize.txt-7.2.1
# This is a configuration file for ProGuard.
# http://proguard.sourceforge.net/index.html#manual/usage.html
#
# Starting with version 2.2 of the Android plugin for Gradle, this file is distributed together with
# the plugin and unpacked at build-time. The files in $ANDROID_HOME are no longer maintained and
# will be ignored by new version of the Android plugin for Gradle.

# Optimizations: If you don't want to optimize, use the proguard-android.txt configuration file
# instead of this one, which turns off the optimization flags.
# Adding optimization introduces certain risks, since for example not all optimizations performed by
# ProGuard works on all versions of Dalvik.  The following flags turn off various optimizations
# known to have issues, but the list may not be complete or up to date. (The "arithmetic"
# optimization can be used if you are only targeting Android 2.0 or later.)  Make sure you test
# thoroughly if you go this route.
-optimizations !code/simplification/arithmetic,!code/simplification/cast,!field/*,!class/merging/*
-optimizationpasses 5
-allowaccessmodification

-dontusemixedcaseclassnames
-dontskipnonpubliclibraryclasses
-verbose

# Preserve some attributes that may be required for reflection.
-keepattributes AnnotationDefault,
                EnclosingMethod,
                InnerClasses,
                RuntimeVisibleAnnotations,
                RuntimeVisibleParameterAnnotations,
                RuntimeVisibleTypeAnnotations,
                Signature

-keep public class com.google.vending.licensing.ILicensingService
-keep public class com.android.vending.licensing.ILicensingService
-keep public class com.google.android.vending.licensing.ILicensingService
-dontnote com.android.vending.licensing.ILicensingService
-dontnote com.google.vending.licensing.ILicensingService
-dontnote com.google.android.vending.licensing.ILicensingService

# For native methods, see http://proguard.sourceforge.net/manual/examples.html#native
-keepclasseswithmembernames,includedescriptorclasses class * {
    native <methods>;
}

# Keep setters in Views so that animations can still work.
-keepclassmembers public class * extends android.view.View {
    void set*(***);
    *** get*();
}

# We want to keep methods in Activity that could be used in the XML attribute onClick.
-keepclassmembers class * extends android.app.Activity {
    public void *(android.view.View);
}

# For enumeration classes, see http://proguard.sourceforge.net/manual/examples.html#enumerations
-keepclassmembers enum * {
    public static **[] values();
    public static ** valueOf(java.lang.String);
}

-keepclassmembers class * implements android.os.Parcelable {
    public static final ** CREATOR;
}

# Preserve annotated Javascript interface methods.
-keepclassmembers class * {
    @android.webkit.JavascriptInterface <methods>;
}

# The support libraries contains references to newer platform versions.
# Don't warn about those in case this app is linking against an older
# platform version. We know about them, and they are safe.
-dontnote android.support.**
-dontnote androidx.**
-dontwarn android.support.**
-dontwarn androidx.**

# This class is deprecated, but remains for backward compatibility.
-dontwarn android.util.FloatMath

# Understand the @Keep support annotation.
-keep class android.support.annotation.Keep
-keep class androidx.annotation.Keep

-keep @android.support.annotation.Keep class * {*;}
-keep @androidx.annotation.Keep class * {*;}

-keepclasseswithmembers class * {
    @android.support.annotation.Keep <methods>;
}

-keepclasseswithmembers class * {
    @androidx.annotation.Keep <methods>;
}

-keepclasseswithmembers class * {
    @android.support.annotation.Keep <fields>;
}

-keepclasseswithmembers class * {
    @androidx.annotation.Keep <fields>;
}

-keepclasseswithmembers class * {
    @android.support.annotation.Keep <init>(...);
}

-keepclasseswithmembers class * {
    @androidx.annotation.Keep <init>(...);
}

# These classes are duplicated between android.jar and org.apache.http.legacy.jar.
-dontnote org.apache.http.**
-dontnote android.net.http.**

# These classes are duplicated between android.jar and core-lambda-stubs.jar.
-dontnote java.lang.invoke.**

# End of content from default_proguard_files\global\proguard-android-optimize.txt-7.2.1
# The proguard configuration file for the following section is VPNVideoCallProject\app\proguard-rules.pro
# Add project specific ProGuard rules here.
# You can control the set of applied configuration files using the
# proguardFiles setting in build.gradle.
#
# For more details, see
#   http://developer.android.com/guide/developing/tools/proguard.html

# If your project uses WebView with JS, uncomment the following
# and specify the fully qualified class name to the JavaScript interface
# class:
#-keepclassmembers class fqcn.of.javascript.interface.for.webview {
#   public *;
#}

# Uncomment this to preserve the line number information for
# debugging stack traces.
#-keepattributes SourceFile,LineNumberTable

# If you keep the line number information, uncomment this to
# hide the original source file name.
#-renamesourcefileattribute SourceFile
-optimizationpasses 5
-dontusemixedcaseclassnames
-dontskipnonpubliclibraryclasses
-dontpreverify
-verbose
#-classobfuscationdictionary encrypt.txt
#-packageobfuscationdictionary encrypt.txt
#-obfuscationdictionary encrypt.txt

-dontwarn okio.**
-keepattributes InnerClasses
-dontwarn sun.misc.**
-dontwarn java.lang.invoke.**
-dontwarn okhttp3.**
-dontwarn com.anchorfree.sdk.**
-dontwarn okio.**
-dontwarn javax.annotation.**
-dontwarn org.conscrypt.**
-keepnames class okhttp3.internal.publicsuffix.PublicSuffixDatabase
#DNSJava
-keep class org.xbill.DNS.** {*;}
-dontnote org.xbill.DNS.spi.DNSJavaNameServiceDescriptor
-dontwarn org.xbill.DNS.spi.DNSJavaNameServiceDescriptor
-keep class * implements com.google.gson.TypeAdapterFactory
-keep class * implements com.google.gson.JsonSerializer
-keep class * implements com.google.gson.JsonDeserializer
-keep class com.anchorfree.sdk.SessionConfig { *; }
-keep class com.anchorfree.sdk.fireshield.** { *; }
-keep class com.anchorfree.sdk.dns.** { *; }
-keep class com.anchorfree.sdk.HydraSDKConfig { *; }
-keep class com.anchorfree.partner.api.ClientInfo { *; }
-keep class com.anchorfree.sdk.NotificationConfig { *; }
-keep class com.anchorfree.sdk.NotificationConfig$Builder { *; }
-keep class com.anchorfree.sdk.NotificationConfig$StateNotification { *; }
-keepclassmembers public class com.anchorfree.ucr.transport.DefaultTrackerTransport {
   public <init>(...);
 }
 -keepclassmembers class com.anchorfree.ucr.SharedPrefsStorageProvider{
    public <init>(...);
 }
 -keepclassmembers class com.anchorfree.sdk.InternalReporting$InternalTrackingTransport{
 public <init>(...);
 }
 -keep class com.anchorfree.sdk.exceptions.* {
    *;
 }

-keepclassmembers class * implements javax.net.ssl.SSLSocketFactory {
    final javax.net.ssl.SSLSocketFactory delegate;
}

# https://stackoverflow.com/questions/56142150/fatal-exception-java-lang-nullpointerexception-in-release-build
-keepclassmembers,allowobfuscation class * {
  @com.google.gson.annotations.SerializedName <fields>;
}

-keep public class com.google.android.gms.ads.** {
   public *;
}

-optimizationpasses 5
-dontusemixedcaseclassnames
-dontskipnonpubliclibraryclasses
-dontpreverify
-verbose
-optimizations !code/simplification/arithmetic,!field/*,!class/merging/*

-keep public class * extends android.app.Activity
-keep public class * extends android.app.Application
-keep public class * extends android.app.Service
-keep public class * extends android.content.BroadcastReceiver
-keep public class * extends android.content.ContentProvider
-keep public class * extends android.app.backup.BackupAgentHelper
-keep public class * extends android.preference.Preference
-keep public class com.android.vending.licensing.ILicensingService

-keepclasseswithmembernames class * {
    native <methods>;
}

-keepclasseswithmembers class * {
    public <init>(android.content.Context, android.util.AttributeSet);
}

-keepclasseswithmembers class * {
    public <init>(android.content.Context, android.util.AttributeSet, int);
}

-keepclassmembers class * extends android.app.Activity {
   public void *(android.view.View);
}

-keepclassmembers enum * {
    public static **[] values();
    public static ** valueOf(java.lang.String);
}

-keep class * implements android.os.Parcelable {
  public static final android.os.Parcelable$Creator *;
}

-keep class org.webrtc.**  { *; }
-keep class org.appspot.apprtc.**  { *; }


# End of content from VPNVideoCallProject\app\proguard-rules.pro
# The proguard configuration file for the following section is aapt_proguard_file\release\aapt_rules.txt
-keep class androidx.core.app.CoreComponentFactory { <init>(); }
-keep class androidx.room.MultiInstanceInvalidationService { <init>(); }
-keep class androidx.startup.InitializationProvider { <init>(); }
-keep class androidx.work.impl.background.systemalarm.ConstraintProxy$BatteryChargingProxy { <init>(); }
-keep class androidx.work.impl.background.systemalarm.ConstraintProxy$BatteryNotLowProxy { <init>(); }
-keep class androidx.work.impl.background.systemalarm.ConstraintProxy$NetworkStateProxy { <init>(); }
-keep class androidx.work.impl.background.systemalarm.ConstraintProxy$StorageNotLowProxy { <init>(); }
-keep class androidx.work.impl.background.systemalarm.ConstraintProxyUpdateReceiver { <init>(); }
-keep class androidx.work.impl.background.systemalarm.RescheduleReceiver { <init>(); }
-keep class androidx.work.impl.background.systemalarm.SystemAlarmService { <init>(); }
-keep class androidx.work.impl.background.systemjob.SystemJobService { <init>(); }
-keep class androidx.work.impl.diagnostics.DiagnosticsReceiver { <init>(); }
-keep class androidx.work.impl.foreground.SystemForegroundService { <init>(); }
-keep class androidx.work.impl.utils.ForceStopRunnable$BroadcastReceiver { <init>(); }
-keep class com.anchorfree.sdk.DBProvider { <init>(); }
-keep class com.anchorfree.sdk.HydraTransportInitProvider { <init>(); }
-keep class com.anchorfree.sdk.SdkNotificationService { <init>(); }
-keep class com.anchorfree.sdk.UnifiedSDKInitProviderMain { <init>(); }
-keep class com.anchorfree.sdk.UnifiedSDKInitProviderVpn { <init>(); }
-keep class com.anchorfree.ucr.UCRContentProvider { <init>(); }
-keep class com.anchorfree.ucr.UCRService { <init>(); }
-keep class com.anchorfree.vpnsdk.transporthydra.proxyservice.HydraProxyService { <init>(); }
-keep class com.anchorfree.vpnsdk.vpnservice.AFVpnService { <init>(); }
-keep class com.anchorfree.vpnsdk.vpnservice.StartVPNServiceShadowActivity { <init>(); }
-keep class com.anchorfree.vpnsdk.vpnservice.config.VpnConfigProvider { <init>(); }
-keep class com.anchorfree.vpnsdk.vpnservice.credentials.CredentialsContentProvider { <init>(); }
-keep class com.aodmone.sormnilan.Splash_Activity { <init>(); }
-keep class com.facebook.ads.AudienceNetworkActivity { <init>(); }
-keep class com.facebook.ads.AudienceNetworkContentProvider { <init>(); }
-keep class com.gerop.mpsvue.AppVC { <init>(); }
-keep class com.gerop.mpsvue.activties.MainHomeActivity { <init>(); }
-keep class com.gerop.mpsvue.activties.PravacyPolicyActivity { <init>(); }
-keep class com.gerop.mpsvue.activties.VideoPlayerActivity { <init>(); }
-keep class com.gerop.mpsvue.unitlity.TestActivity_1 { <init>(); }
-keep class com.gerop.mpsvue.unitlity.TestActivity_10 { <init>(); }
-keep class com.gerop.mpsvue.unitlity.TestActivity_2 { <init>(); }
-keep class com.gerop.mpsvue.unitlity.TestActivity_3 { <init>(); }
-keep class com.gerop.mpsvue.unitlity.TestActivity_4 { <init>(); }
-keep class com.gerop.mpsvue.unitlity.TestActivity_5 { <init>(); }
-keep class com.gerop.mpsvue.unitlity.TestActivity_6 { <init>(); }
-keep class com.gerop.mpsvue.unitlity.TestActivity_7 { <init>(); }
-keep class com.gerop.mpsvue.unitlity.TestActivity_8 { <init>(); }
-keep class com.gerop.mpsvue.unitlity.TestActivity_9 { <init>(); }
-keep class com.google.android.datatransport.runtime.backends.TransportBackendDiscovery { <init>(); }
-keep class com.google.android.datatransport.runtime.scheduling.jobscheduling.AlarmManagerSchedulerBroadcastReceiver { <init>(); }
-keep class com.google.android.datatransport.runtime.scheduling.jobscheduling.JobInfoSchedulerService { <init>(); }
-keep class com.google.android.gms.ads.AdActivity { <init>(); }
-keep class com.google.android.gms.ads.AdService { <init>(); }
-keep class com.google.android.gms.ads.MobileAdsInitProvider { <init>(); }
-keep class com.google.android.gms.common.api.GoogleApiActivity { <init>(); }
-keep class com.google.firebase.components.ComponentDiscoveryService { <init>(); }
-keep class com.google.firebase.iid.FirebaseInstanceIdReceiver { <init>(); }
-keep class com.google.firebase.messaging.FirebaseMessagingService { <init>(); }
-keep class com.google.firebase.provider.FirebaseInitProvider { <init>(); }
-keep class com.onesignal.BootUpReceiver { <init>(); }
-keep class com.onesignal.FCMBroadcastReceiver { <init>(); }
-keep class com.onesignal.FCMIntentJobService { <init>(); }
-keep class com.onesignal.FCMIntentService { <init>(); }
-keep class com.onesignal.HmsMessageServiceOneSignal { <init>(); }
-keep class com.onesignal.NotificationDismissReceiver { <init>(); }
-keep class com.onesignal.NotificationOpenedActivityHMS { <init>(); }
-keep class com.onesignal.NotificationOpenedReceiver { <init>(); }
-keep class com.onesignal.NotificationOpenedReceiverAndroid22AndOlder { <init>(); }
-keep class com.onesignal.PermissionsActivity { <init>(); }
-keep class com.onesignal.SyncJobService { <init>(); }
-keep class com.onesignal.SyncService { <init>(); }
-keep class com.onesignal.UpgradeReceiver { <init>(); }
-keep class pub.devrel.easypermissions.AppSettingsDialogHolderActivity { <init>(); }
-keep class android.widget.Space { <init>(android.content.Context, android.util.AttributeSet); }

-keep class androidx.appcompat.app.AlertController$RecycleListView { <init>(android.content.Context, android.util.AttributeSet); }

-keep class androidx.appcompat.view.menu.ActionMenuItemView { <init>(android.content.Context, android.util.AttributeSet); }

-keep class androidx.appcompat.view.menu.ExpandedMenuView { <init>(android.content.Context, android.util.AttributeSet); }

-keep class androidx.appcompat.view.menu.ListMenuItemView { <init>(android.content.Context, android.util.AttributeSet); }

-keep class androidx.appcompat.widget.ActionBarContainer { <init>(android.content.Context, android.util.AttributeSet); }

-keep class androidx.appcompat.widget.ActionBarContextView { <init>(android.content.Context, android.util.AttributeSet); }

-keep class androidx.appcompat.widget.ActionBarOverlayLayout { <init>(android.content.Context, android.util.AttributeSet); }

-keep class androidx.appcompat.widget.ActionMenuView { <init>(android.content.Context, android.util.AttributeSet); }

-keep class androidx.appcompat.widget.ActivityChooserView$InnerLayout { <init>(android.content.Context, android.util.AttributeSet); }

-keep class androidx.appcompat.widget.AlertDialogLayout { <init>(android.content.Context, android.util.AttributeSet); }

-keep class androidx.appcompat.widget.AppCompatButton { <init>(android.content.Context, android.util.AttributeSet); }

-keep class androidx.appcompat.widget.AppCompatTextView { <init>(android.content.Context, android.util.AttributeSet); }

-keep class androidx.appcompat.widget.ButtonBarLayout { <init>(android.content.Context, android.util.AttributeSet); }

-keep class androidx.appcompat.widget.ContentFrameLayout { <init>(android.content.Context, android.util.AttributeSet); }

-keep class androidx.appcompat.widget.DialogTitle { <init>(android.content.Context, android.util.AttributeSet); }

-keep class androidx.appcompat.widget.FitWindowsFrameLayout { <init>(android.content.Context, android.util.AttributeSet); }

-keep class androidx.appcompat.widget.FitWindowsLinearLayout { <init>(android.content.Context, android.util.AttributeSet); }

-keep class androidx.appcompat.widget.SearchView$SearchAutoComplete { <init>(android.content.Context, android.util.AttributeSet); }

-keep class androidx.appcompat.widget.Toolbar { <init>(android.content.Context, android.util.AttributeSet); }

-keep class androidx.appcompat.widget.ViewStubCompat { <init>(android.content.Context, android.util.AttributeSet); }

-keep class androidx.browser.browseractions.BrowserActionsFallbackMenuView { <init>(android.content.Context, android.util.AttributeSet); }

-keep class androidx.cardview.widget.CardView { <init>(android.content.Context, android.util.AttributeSet); }

-keep class androidx.constraintlayout.widget.Barrier { <init>(android.content.Context, android.util.AttributeSet); }

-keep class androidx.constraintlayout.widget.ConstraintLayout { <init>(android.content.Context, android.util.AttributeSet); }

-keep class androidx.constraintlayout.widget.Guideline { <init>(android.content.Context, android.util.AttributeSet); }

-keep class androidx.coordinatorlayout.widget.CoordinatorLayout { <init>(android.content.Context, android.util.AttributeSet); }

-keep class androidx.core.widget.NestedScrollView { <init>(android.content.Context, android.util.AttributeSet); }

-keep class androidx.fragment.app.FragmentContainerView { <init>(android.content.Context, android.util.AttributeSet); }

-keep class androidx.recyclerview.widget.RecyclerView { <init>(android.content.Context, android.util.AttributeSet); }

-keep class com.airbnb.lottie.LottieAnimationView { <init>(android.content.Context, android.util.AttributeSet); }

-keep class com.devbrackets.android.exomedia.core.video.exo.ExoSurfaceVideoView { <init>(android.content.Context, android.util.AttributeSet); }

-keep class com.devbrackets.android.exomedia.core.video.exo.ExoTextureVideoView { <init>(android.content.Context, android.util.AttributeSet); }

-keep class com.devbrackets.android.exomedia.core.video.mp.NativeSurfaceVideoView { <init>(android.content.Context, android.util.AttributeSet); }

-keep class com.devbrackets.android.exomedia.core.video.mp.NativeTextureVideoView { <init>(android.content.Context, android.util.AttributeSet); }

-keep class com.devbrackets.android.exomedia.ui.widget.FitsSystemWindowRelativeLayout { <init>(android.content.Context, android.util.AttributeSet); }

-keep class com.devbrackets.android.exomedia.ui.widget.VideoView { <init>(android.content.Context, android.util.AttributeSet); }

-keep class com.facebook.ads.MediaView { <init>(android.content.Context, android.util.AttributeSet); }

-keep class com.facebook.ads.NativeAdLayout { <init>(android.content.Context, android.util.AttributeSet); }

-keep class com.google.android.gms.ads.nativead.MediaView { <init>(android.content.Context, android.util.AttributeSet); }

-keep class com.google.android.gms.ads.nativead.NativeAdView { <init>(android.content.Context, android.util.AttributeSet); }

-keep class com.google.android.material.button.MaterialButton { <init>(android.content.Context, android.util.AttributeSet); }

-keep class com.google.android.material.button.MaterialButtonToggleGroup { <init>(android.content.Context, android.util.AttributeSet); }

-keep class com.google.android.material.chip.Chip { <init>(android.content.Context, android.util.AttributeSet); }

-keep class com.google.android.material.datepicker.MaterialCalendarGridView { <init>(android.content.Context, android.util.AttributeSet); }

-keep class com.google.android.material.internal.BaselineLayout { <init>(android.content.Context, android.util.AttributeSet); }

-keep class com.google.android.material.internal.CheckableImageButton { <init>(android.content.Context, android.util.AttributeSet); }