app/build/outputs/mapping/release/seeds.txt
org.xbill.DNS.NSEC3Record: org.xbill.DNS.Record getObject()
com.google.android.gms.ads.internal.util.zzj: void zzI(java.lang.String,java.lang.String,boolean)
androidx.vectordrawable.graphics.drawable.VectorDrawableCompat$VFullPath: float getStrokeAlpha()
com.google.android.gms.ads.VideoController: int getPlaybackState()
com.bumptech.glide.request.RequestCoordinator$RequestState: com.bumptech.glide.request.RequestCoordinator$RequestState[] values()
org.xbill.DNS.ISDNRecord: void rrFromWire(org.xbill.DNS.DNSInput)
org.webrtc.CameraVideoCapturer$CameraStatistics: int access$102(org.webrtc.CameraVideoCapturer$CameraStatistics,int)
androidx.appcompat.widget.Toolbar: void setNavigationContentDescription(java.lang.CharSequence)
com.facebook.ads.MediaViewVideoRenderer: void onPlayed()
org.webrtc.CameraSession$CreateSessionCallback: void onDone(org.webrtc.CameraSession)
com.facebook.ads.AudienceNetworkAds$InitSettingsBuilder: com.facebook.ads.AudienceNetworkAds$InitSettingsBuilder withMediationService(java.lang.String)
org.webrtc.NetworkMonitor: boolean isOnline()
androidx.core.view.ViewCompat$Api31Impl: void setOnReceiveContentListener(android.view.View,java.lang.String[],androidx.core.view.OnReceiveContentListener)
com.facebook.ads.internal.settings.AdInternalSettings: boolean isExplicitTestMode()
com.google.android.gms.ads.internal.client.zzbm: void zzo(com.google.android.gms.internal.ads.zzblo)
com.google.android.gms.ads.search.SearchAdView: SearchAdView(android.content.Context)
com.google.android.gms.ads.internal.zzs: void zzy(com.google.android.gms.ads.internal.client.zzl,com.google.android.gms.ads.internal.client.zzbi)
kotlin.coroutines.AbstractCoroutineContextElement: kotlin.coroutines.CoroutineContext minusKey(kotlin.coroutines.CoroutineContext$Key)
com.google.android.material.navigation.NavigationView: void setItemIconSize(int)
com.gerop.mpsvue.unitlity.TestActivity_4: void CanaclToCall(android.view.View)
androidx.core.view.ViewCompat$Api20Impl: android.view.WindowInsets dispatchApplyWindowInsets(android.view.View,android.view.WindowInsets)
com.gerop.mpsvue.views.CircleImageView: void setDisableCircularTransformation(boolean)
com.google.android.gms.ads.mediation.MediationAdConfiguration: boolean isTestRequest()
com.google.android.gms.ads.internal.client.zzds: void run()
org.xbill.DNS.SIGBase: java.util.Date getTimeSigned()
org.xbill.DNS.DNSSEC$Algorithm: java.lang.String string(int)
androidx.appcompat.widget.AppCompatToggleButton: android.graphics.PorterDuff$Mode getSupportCompoundDrawablesTintMode()
com.facebook.ads.NativeAdViewAttributes: NativeAdViewAttributes(android.content.Context)
com.anchorfree.sdk.fireshield.FireshieldConfig$Builder: com.anchorfree.sdk.fireshield.FireshieldConfig$Builder clearServices()
org.xbill.DNS.GenericEDNSOption: GenericEDNSOption(int,byte[])
com.anchorfree.vpnsdk.reconnect.TransportFallbackHandler: TransportFallbackHandler(com.anchorfree.sdk.SwitcherStartHelper)
androidx.core.view.ViewCompat$Api16Impl: void removeOnGlobalLayoutListener(android.view.ViewTreeObserver,android.view.ViewTreeObserver$OnGlobalLayoutListener)
com.airbnb.lottie.model.content.ShapeStroke$LineCapType: com.airbnb.lottie.model.content.ShapeStroke$LineCapType valueOf(java.lang.String)
org.webrtc.ThreadUtils$3: ThreadUtils$3(java.lang.Object)
org.xbill.DNS.Message: boolean findRRset(org.xbill.DNS.Name,int)
com.facebook.ads.internal.api.AdComponentFrameLayout: void access$201(com.facebook.ads.internal.api.AdComponentFrameLayout)
org.webrtc.CameraCapturer$7: CameraCapturer$7(org.webrtc.CameraCapturer,org.webrtc.CameraVideoCapturer$CameraSwitchHandler)
com.google.android.gms.ads.internal.client.zzbq: void zzx()
com.google.android.material.slider.Slider: void setValueTo(float)
androidx.lifecycle.EmptyActivityLifecycleCallbacks: void onActivityCreated(android.app.Activity,android.os.Bundle)
com.google.android.material.button.MaterialButton: void setTextAlignment(int)